<?xml version="1.0" encoding="UTF-8"?>
<!-- Generated by org.testng.reporters.JUnitReportReporter -->
<testsuite hostname="Abhi" failures="0" tests="1" name="sample.Demo" time="0.014" errors="0" timestamp="2023-08-03T19:25:48 IST" skipped="0">
  <testcase classname="sample.Demo" name="simple" time="0.014"/>
  <system-out/>
</testsuite> <!-- sample.Demo -->
